<?xml version="1.0" encoding="UTF-8"?>
<testsuite xmlns:xsi="http://www.w3.org/2001/XMLSchema-instance" xsi:noNamespaceSchemaLocation="https://maven.apache.org/surefire/maven-surefire-plugin/xsd/surefire-test-report-3.0.xsd" version="3.0" name="group11.core.LoadStoreInstructionsTest" time="0.041" tests="9" errors="0" skipped="0" failures="0">
  <properties>
[...]
</properties>
  <testcase name="STR_indexed_indirect_writes_to_final_EA_read_back_via_same_addressing" classname="group11.core.LoadStoreInstructionsTest" time="0.018">
    <system-out><![CDATA[STR exec: IR=4145
IXR add30
EA debug: r=0 x=1 i=1 a5=5 ix=31 -> EA=132
STR effective address R:0 ix: 1 i flag: 1 effective address: 90
STR EXECUTED. memory address 90=66
LDR exec: IR=3145
Before LDR: IXR[1]=31 IXR[2]=0 IXR[3]=0
IXR add30
EA debug: r=2 x=1 i=1 a5=5 ix=31 -> EA=132
LDR effective address R:2 ix: 1 i flag: 1 effective address: 90
LDR executed. Loaded from cache and or memory: 66at 90
]]></system-out>
  </testcase>
  <testcase name="LDX_indirect_ignores_index_register_for_EA" classname="group11.core.LoadStoreInstructionsTest" time="0.003">
    <system-out><![CDATA[STR exec: IR=4006
EA debug: r=0 x=0 i=0 a5=6 ix=0 -> EA=6
STR effective address R:0 ix: 0 i flag: 0 effective address: 6
STR EXECUTED. memory address 6=44
STR exec: IR=4104
IXR add44
EA debug: r=0 x=1 i=0 a5=4 ix=50 -> EA=54
STR effective address R:0 ix: 1 i flag: 0 effective address: 44
STR EXECUTED. memory address 44=64206
LDR exec: IR=2006
Before LDR: IXR[1]=50 IXR[2]=0 IXR[3]=0
EA debug: r=0 x=0 i=0 a5=6 ix=0 -> EA=6
LDR effective address R:0 ix: 0 i flag: 0 effective address: 6
LDR executed. Loaded from cache and or memory: 44at 6
LDR exec: IR=2104
Before LDR: IXR[1]=50 IXR[2]=0 IXR[3]=0
IXR add44
EA debug: r=0 x=1 i=0 a5=4 ix=50 -> EA=54
LDR effective address R:0 ix: 1 i flag: 0 effective address: 44
LDR executed. Loaded from cache and or memory: 64206at 44
LDX exec: IR=102346
EA debug: r=0 x=3 i=1 a5=6 ix=0 -> EA=54
LDX effective address R:0 ix: 3 i flag: 1 effective address: 44
LDX debug: set IXR[3]=175316 from EA=54
LDX EXECUTED. IXR 1: 40IXR 2: 0IXR 3: 64206
]]></system-out>
  </testcase>
  <testcase name="store_is_16bit_masked_and_readable" classname="group11.core.LoadStoreInstructionsTest" time="0.001">
    <system-out><![CDATA[STR exec: IR=4007
EA debug: r=0 x=0 i=0 a5=7 ix=0 -> EA=7
STR effective address R:0 ix: 0 i flag: 0 effective address: 7
STR EXECUTED. memory address 7=43981
LDR exec: IR=2407
Before LDR: IXR[1]=0 IXR[2]=0 IXR[3]=0
EA debug: r=1 x=0 i=0 a5=7 ix=0 -> EA=7
LDR effective address R:1 ix: 0 i flag: 0 effective address: 7
LDR executed. Loaded from cache and or memory: 43981at 7
]]></system-out>
  </testcase>
  <testcase name="LDR_masks_to_16_bits" classname="group11.core.LoadStoreInstructionsTest" time="0.001">
    <system-out><![CDATA[LDR exec: IR=3007
Before LDR: IXR[1]=0 IXR[2]=0 IXR[3]=0
EA debug: r=2 x=0 i=0 a5=7 ix=0 -> EA=7
LDR effective address R:2 ix: 0 i flag: 0 effective address: 7
LDR executed. Loaded from cache and or memory: 65535at 7
]]></system-out>
  </testcase>
  <testcase name="LDR_direct_loads_word_at_EA_into_register" classname="group11.core.LoadStoreInstructionsTest" time="0.001">
    <system-out><![CDATA[LDR exec: IR=2024
Before LDR: IXR[1]=0 IXR[2]=0 IXR[3]=0
EA debug: r=0 x=0 i=0 a5=24 ix=0 -> EA=24
LDR effective address R:0 ix: 0 i flag: 0 effective address: 20
LDR executed. Loaded from cache and or memory: 48879at 20
]]></system-out>
  </testcase>
  <testcase name="STX_indexed_indirect_stores_to_final_EA_read_back_via_same_addressing" classname="group11.core.LoadStoreInstructionsTest" time="0.002">
    <system-out><![CDATA[STX exec: IR=104272
EA debug: r=0 x=2 i=1 a5=32 ix=1715 -> EA=0
STX effective address R:0 ix: 2 i flag: 1 effective address: 0
STX EXECUTED. IXR 1: 0IXR 2: 43981IXR 3: 0
LDR exec: IR=2672
Before LDR: IXR[1]=0 IXR[2]=125715 IXR[3]=0
IXR add999
EA debug: r=1 x=2 i=1 a5=32 ix=1715 -> EA=0
LDR effective address R:1 ix: 2 i flag: 1 effective address: 0
LDR executed. Loaded from cache and or memory: 43981at 0
]]></system-out>
  </testcase>
  <testcase name="STX_stores_index_register_value_to_EA_read_back_via_LDR" classname="group11.core.LoadStoreInstructionsTest" time="0.001">
    <system-out><![CDATA[STX exec: IR=104111
EA debug: r=0 x=1 i=0 a5=11 ix=1064 -> EA=11
STX effective address R:0 ix: 1 i flag: 0 effective address: 9
STX EXECUTED. IXR 1: 4660IXR 2: 0IXR 3: 0
LDR exec: IR=2011
Before LDR: IXR[1]=11064 IXR[2]=0 IXR[3]=0
EA debug: r=0 x=0 i=0 a5=11 ix=0 -> EA=11
LDR effective address R:0 ix: 0 i flag: 0 effective address: 9
LDR executed. Loaded from cache and or memory: 4660at 9
]]></system-out>
  </testcase>
  <testcase name="STR_writes_register_value_to_EA_and_can_be_read_back" classname="group11.core.LoadStoreInstructionsTest" time="0.001">
    <system-out><![CDATA[STR exec: IR=5437
EA debug: r=3 x=0 i=0 a5=37 ix=0 -> EA=37
STR effective address R:3 ix: 0 i flag: 0 effective address: 31
STR EXECUTED. memory address 31=51966
LDR exec: IR=2037
Before LDR: IXR[1]=0 IXR[2]=0 IXR[3]=0
EA debug: r=0 x=0 i=0 a5=37 ix=0 -> EA=37
LDR effective address R:0 ix: 0 i flag: 0 effective address: 31
LDR executed. Loaded from cache and or memory: 51966at 31
]]></system-out>
  </testcase>
  <testcase name="LDR_indexed_and_indirect_addressing" classname="group11.core.LoadStoreInstructionsTest" time="0.001">
    <system-out><![CDATA[LDR exec: IR=2652
Before LDR: IXR[1]=0 IXR[2]=50 IXR[3]=0
IXR add50
EA debug: r=1 x=2 i=1 a5=12 ix=50 -> EA=115
LDR effective address R:1 ix: 2 i flag: 1 effective address: 77
LDR executed. Loaded from cache and or memory: 4660at 77
]]></system-out>
  </testcase>
</testsuite>