<?xml version="1.0" encoding="UTF-8"?>
<testsuite xmlns:xsi="http://www.w3.org/2001/XMLSchema-instance" xsi:noNamespaceSchemaLocation="https://maven.apache.org/surefire/maven-surefire-plugin/xsd/surefire-test-report-3.0.xsd" version="3.0" name="group11.core.ArithmeticLogicalInstructionsTest" time="0.011" tests="14" errors="0" skipped="0" failures="0">
  <properties>
[...]
</properties>
  <testcase name="ORR_bitwise_or_rx_with_ry" classname="group11.core.ArithmeticLogicalInstructionsTest" time="0.001"/>
  <testcase name="SMR_subtracts_memory_from_register" classname="group11.core.ArithmeticLogicalInstructionsTest" time="0.001">
    <system-out><![CDATA[SMR exec: IR=12024
EA debug: r=0 x=0 i=0 a5=24 ix=0 -> EA=24
SMR effective address R:0 ix: 0 i flag: 0 effective address: 20
SMR executed: R0 = 11
]]></system-out>
  </testcase>
  <testcase name="MLT_multiplies_16x16_into_rx_and_rxplus1" classname="group11.core.ArithmeticLogicalInstructionsTest" time="0.0"/>
  <testcase name="NOT_bitwise_complement_of_rx" classname="group11.core.ArithmeticLogicalInstructionsTest" time="0.001"/>
  <testcase name="SIR_loads_negative_immed_when_register_is_zero" classname="group11.core.ArithmeticLogicalInstructionsTest" time="0.0"/>
  <testcase name="AMR_adds_memory_to_register_with_indexing_and_indirection" classname="group11.core.ArithmeticLogicalInstructionsTest" time="0.0">
    <system-out><![CDATA[AMR exec: IR=10652
IXR add50
INDIRECT PLEASE
EA debug: r=1 x=2 i=1 a5=12 ix=50 -> EA=115
AMR effective address R:1 ix: 2 i flag: 1 effective address: 77
AMR executed: R1 = 21
]]></system-out>
  </testcase>
  <testcase name="TRR_sets_equal_flag_when_rx_equals_ry_clears_otherwise" classname="group11.core.ArithmeticLogicalInstructionsTest" time="0.001"/>
  <testcase name="AMR_sets_overflow_flag_on_signed_overflow" classname="group11.core.ArithmeticLogicalInstructionsTest" time="0.001">
    <system-out><![CDATA[AMR exec: IR=10014
EA debug: r=0 x=0 i=0 a5=14 ix=0 -> EA=14
AMR effective address R:0 ix: 0 i flag: 0 effective address: 12
AMR executed: R0 = 32768
]]></system-out>
  </testcase>
  <testcase name="SMR_sets_underflow_flag_on_signed_underflow" classname="group11.core.ArithmeticLogicalInstructionsTest" time="0.0">
    <system-out><![CDATA[SMR exec: IR=12012
EA debug: r=0 x=0 i=0 a5=12 ix=0 -> EA=12
SMR effective address R:0 ix: 0 i flag: 0 effective address: 10
SMR executed: R0 = 32767
]]></system-out>
  </testcase>
  <testcase name="AIR_immed_zero_is_noop" classname="group11.core.ArithmeticLogicalInstructionsTest" time="0.001">
    <system-out><![CDATA[AIR exec: IR=15000
AIR pre: R2=4660 (oct 11064), imm=0
AIR decoded:=2 immed: 0
]]></system-out>
  </testcase>
  <testcase name="AND_bitwise_and_rx_with_ry" classname="group11.core.ArithmeticLogicalInstructionsTest" time="0.0"/>
  <testcase name="AIR_loads_immed_when_register_is_zero" classname="group11.core.ArithmeticLogicalInstructionsTest" time="0.001">
    <system-out><![CDATA[AIR exec: IR=15417
AIR pre: R3=0 (oct 0), imm=15
AIR decoded:=3 immed: 15
AIR executed: R3 = 15
]]></system-out>
  </testcase>
  <testcase name="DVD_divides_rx_by_ry_puts_quotient_and_remainder_and_sets_divzero" classname="group11.core.ArithmeticLogicalInstructionsTest" time="0.0">
    <system-out><![CDATA[ mem output, 0020: 0 0021: 0 0022: 0 0023: 0
program halted
]]></system-out>
  </testcase>
  <testcase name="SIR_immed_zero_is_noop" classname="group11.core.ArithmeticLogicalInstructionsTest" time="0.001"/>
</testsuite>