<?xml version="1.0" encoding="UTF-8"?>
<testsuite xmlns:xsi="http://www.w3.org/2001/XMLSchema-instance" xsi:noNamespaceSchemaLocation="https://maven.apache.org/surefire/maven-surefire-plugin/xsd/surefire-test-report-3.0.xsd" version="3.0" name="group11.core.ShiftRotateInstructionsTest" time="0.009" tests="10" errors="0" skipped="0" failures="0">
  <properties>
[...]
</properties>
  <testcase name="RRC_rotation_by_8_swaps_high_low_bytes" classname="group11.core.ShiftRotateInstructionsTest" time="0.001"/>
  <testcase name="SRC_count_zero_is_noop" classname="group11.core.ShiftRotateInstructionsTest" time="0.001"/>
  <testcase name="RRC_right_rotates_bits_back_in_from_left" classname="group11.core.ShiftRotateInstructionsTest" time="0.0"/>
  <testcase name="RRC_left_rotates_bits_back_in_from_right" classname="group11.core.ShiftRotateInstructionsTest" time="0.0"/>
  <testcase name="SRC_right_logical_inserts_zeros" classname="group11.core.ShiftRotateInstructionsTest" time="0.003">
    <system-out><![CDATA[SRC executed: R1 = 2816 (count=4, R)
]]></system-out>
  </testcase>
  <testcase name="RRC_count_zero_is_noop" classname="group11.core.ShiftRotateInstructionsTest" time="0.001"/>
  <testcase name="SRC_right_logical_count_15_boundary" classname="group11.core.ShiftRotateInstructionsTest" time="0.0">
    <system-out><![CDATA[SRC executed: R1 = 1 (count=15, R)
]]></system-out>
  </testcase>
  <testcase name="SRC_left_logical_shifts_in_zeros" classname="group11.core.ShiftRotateInstructionsTest" time="0.001">
    <system-out><![CDATA[SRC executed: R0 = 192 (count=6, L)
]]></system-out>
  </testcase>
  <testcase name="SRC_right_arithmetic_preserves_sign_bit" classname="group11.core.ShiftRotateInstructionsTest" time="0.0">
    <system-out><![CDATA[SRC executed: R2 = 61952 (count=3, R)
]]></system-out>
  </testcase>
  <testcase name="SRC_left_logical_masks_to_16_bits" classname="group11.core.ShiftRotateInstructionsTest" time="0.001">
    <system-out><![CDATA[SRC executed: R3 = 53248 (count=12, L)
]]></system-out>
  </testcase>
</testsuite>