<?xml version="1.0" encoding="UTF-8"?>
<testsuite xmlns:xsi="http://www.w3.org/2001/XMLSchema-instance" xsi:noNamespaceSchemaLocation="https://maven.apache.org/surefire/maven-surefire-plugin/xsd/surefire-test-report-3.0.xsd" version="3.0" name="group11.core.TransferInstructionsTest" time="0.011" tests="14" errors="0" skipped="0" failures="0">
  <properties>
[...]
</properties>
  <testcase name="JCC_taken_when_CC_bit_is_one" classname="group11.core.TransferInstructionsTest" time="0.001">
    <system-out><![CDATA[EA debug: r=2 x=0 i=0 a5=21 ix=0 -> EA=21
]]></system-out>
  </testcase>
  <testcase name="SOB_taken_when_result_gt_zero" classname="group11.core.TransferInstructionsTest" time="0.001">
    <system-out><![CDATA[SOB exec: IR=35005
SOB effective address R:0 ix: 0 i flag: 0 effective address: 0
EA debug: r=2 x=0 i=0 a5=5 ix=0 -> EA=5
SOB taken: R2 2→1, PC=5
]]></system-out>
  </testcase>
  <testcase name="JCC_not_taken_when_CC_bit_is_zero" classname="group11.core.TransferInstructionsTest" time="0.001">
    <system-out><![CDATA[EA debug: r=1 x=0 i=0 a5=21 ix=0 -> EA=21
]]></system-out>
  </testcase>
  <testcase name="JGE_taken_on_nonnegative_values_including_zero" classname="group11.core.TransferInstructionsTest" time="0.001">
    <system-out><![CDATA[JGE exec: IR=36426
EA debug: r=1 x=0 i=0 a5=26 ix=0 -> EA=26
JGE effective address R:1 ix: 0 i flag: 0 effective address: 22
JGE taken: R1=0 ≥ 0 → PC=22
]]></system-out>
  </testcase>
  <testcase name="JNE_not_taken_when_r_zero" classname="group11.core.TransferInstructionsTest" time="0.001">
    <system-out><![CDATA[EA debug: r=1 x=0 i=0 a5=31 ix=0 -> EA=31
]]></system-out>
  </testcase>
  <testcase name="JGE_not_taken_on_negative_value" classname="group11.core.TransferInstructionsTest" time="0.0">
    <system-out><![CDATA[JGE exec: IR=36426
EA debug: r=1 x=0 i=0 a5=26 ix=0 -> EA=26
JGE effective address R:1 ix: 0 i flag: 0 effective address: 22
JGE not taken: R1=-1 < 0
]]></system-out>
  </testcase>
  <testcase name="JSR_saves_return_in_R3_and_jumps_to_EA" classname="group11.core.TransferInstructionsTest" time="0.001">
    <system-out><![CDATA[IXR add32
EA debug: r=0 x=1 i=0 a5=14 ix=24 -> EA=40
]]></system-out>
  </testcase>
  <testcase name="RFS_loads_R0_with_immed_and_returns_to_R3" classname="group11.core.TransferInstructionsTest" time="0.0"/>
  <testcase name="JZ_not_taken_when_r_nonzero" classname="group11.core.TransferInstructionsTest" time="0.001">
    <system-out><![CDATA[EA debug: r=0 x=0 i=0 a5=7 ix=0 -> EA=7
JZ effective address R:0 ix: 0 i flag: 0 effective address: 7
JZ not taken: R0=5
]]></system-out>
  </testcase>
  <testcase name="JNE_taken_when_r_nonzero" classname="group11.core.TransferInstructionsTest" time="0.0">
    <system-out><![CDATA[EA debug: r=1 x=0 i=0 a5=31 ix=0 -> EA=31
]]></system-out>
  </testcase>
  <testcase name="JZ_taken_when_r_is_zero" classname="group11.core.TransferInstructionsTest" time="0.001">
    <system-out><![CDATA[EA debug: r=0 x=0 i=0 a5=14 ix=0 -> EA=14
JZ effective address R:0 ix: 0 i flag: 0 effective address: 12
JZ taken: R0=0 → PC=12
]]></system-out>
  </testcase>
  <testcase name="JMA_with_index_and_indirect_addressing" classname="group11.core.TransferInstructionsTest" time="0.0">
    <system-out><![CDATA[IXR add50
EA debug: r=0 x=2 i=1 a5=12 ix=50 -> EA=115
]]></system-out>
  </testcase>
  <testcase name="SOB_not_taken_when_result_eq_zero" classname="group11.core.TransferInstructionsTest" time="0.0">
    <system-out><![CDATA[SOB exec: IR=35005
SOB effective address R:0 ix: 0 i flag: 0 effective address: 0
EA debug: r=2 x=0 i=0 a5=5 ix=0 -> EA=5
SOB not taken: R2 1→0
]]></system-out>
  </testcase>
  <testcase name="JMA_unconditional_jump_direct" classname="group11.core.TransferInstructionsTest" time="0.0">
    <system-out><![CDATA[EA debug: r=0 x=0 i=0 a5=37 ix=0 -> EA=37
]]></system-out>
  </testcase>
</testsuite>